#! /usr/local/iverilog/bin/vvp
:ivl_version "11.0 (devel)" "(s20150603-642-g3bdb50da)";
:ivl_delay_selection "TYPICAL";
:vpi_time_precision + 0;
:vpi_module "system";
:vpi_module "vhdl_sys";
:vpi_module "vhdl_textio";
:vpi_module "v2005_math";
:vpi_module "va_math";
S_0000000001045ce0 .scope module, "testxor" "testxor" 2 7;
 .timescale 0 0;
v00000000008ac0d0_0 .var "a", 0 0;
v00000000008ac170_0 .var "b", 0 0;
v00000000008ac210_0 .net "y", 0 0, L_00000000008ac2b0;  1 drivers
S_0000000001046c70 .scope module, "xorg" "xor_gate" 2 10, 2 1 0, S_0000000001045ce0;
 .timescale 0 0;
    .port_info 0 /INPUT 1 "a";
    .port_info 1 /INPUT 1 "b";
    .port_info 2 /OUTPUT 1 "y";
L_00000000008ac2b0 .functor XOR 1, v00000000008ac0d0_0, v00000000008ac170_0, C4<0>, C4<0>;
v00000000010133d0_0 .net "a", 0 0, v00000000008ac0d0_0;  1 drivers
v0000000001045e70_0 .net "b", 0 0, v00000000008ac170_0;  1 drivers
v00000000008ac030_0 .net "y", 0 0, L_00000000008ac2b0;  alias, 1 drivers
    .scope S_0000000001045ce0;
T_0 ;
    %vpi_call 2 13 "$dumpfile", "testxor.vcd" {0 0 0};
    %vpi_call 2 14 "$dumpvars", 32'sb00000000000000000000000000000000, S_0000000001045ce0 {0 0 0};
    %pushi/vec4 0, 0, 1;
    %store/vec4 v00000000008ac0d0_0, 0, 1;
    %pushi/vec4 0, 0, 1;
    %store/vec4 v00000000008ac170_0, 0, 1;
    %delay 20, 0;
    %pushi/vec4 0, 0, 1;
    %store/vec4 v00000000008ac0d0_0, 0, 1;
    %pushi/vec4 1, 0, 1;
    %store/vec4 v00000000008ac170_0, 0, 1;
    %delay 20, 0;
    %pushi/vec4 1, 0, 1;
    %store/vec4 v00000000008ac0d0_0, 0, 1;
    %pushi/vec4 0, 0, 1;
    %store/vec4 v00000000008ac170_0, 0, 1;
    %delay 20, 0;
    %pushi/vec4 1, 0, 1;
    %store/vec4 v00000000008ac0d0_0, 0, 1;
    %pushi/vec4 1, 0, 1;
    %store/vec4 v00000000008ac170_0, 0, 1;
    %delay 20, 0;
    %vpi_call 2 23 "$finish" {0 0 0};
    %end;
    .thread T_0;
# The file index is used to find the file name in the following table.
:file_names 3;
    "N/A";
    "<interactive>";
    "xor.v";
